2025-01-16 19:08:52,988 - 2025-01-16_19 - INFO - Starting the question extraction process...
2025-01-16 19:08:52,988 - 2025-01-16_19 - INFO - hi
2025-01-16 19:08:53,669 - 2025-01-16_19 - INFO - Starting the question extraction process...
2025-01-16 19:08:53,669 - 2025-01-16_19 - INFO - hi
2025-01-16 19:08:58,185 - 2025-01-16_19 - INFO - extract questions
2025-01-16 19:09:03,782 - 2025-01-16_19 - INFO - Fetched 9541 email threads from the database.
2025-01-16 19:09:03,782 - 2025-01-16_19 - ERROR - An error occurred while extracting questions: 'dict' object has no attribute 'sender_email_id'
2025-01-16 19:09:48,399 - 2025-01-16_19 - INFO - Starting the question extraction process...
2025-01-16 19:09:48,408 - 2025-01-16_19 - INFO - hi
2025-01-16 19:09:49,146 - 2025-01-16_19 - INFO - Starting the question extraction process...
2025-01-16 19:09:49,147 - 2025-01-16_19 - INFO - hi
2025-01-16 19:09:55,382 - 2025-01-16_19 - INFO - extract questions
2025-01-16 19:10:00,925 - 2025-01-16_19 - INFO - Fetched 9541 email threads from the database.
2025-01-16 19:10:00,977 - 2025-01-16_19 - ERROR - An error occurred while extracting questions: 'dict' object has no attribute 'sender_email_id'
2025-01-16 19:10:38,358 - 2025-01-16_19 - INFO - Starting the question extraction process...
2025-01-16 19:10:38,359 - 2025-01-16_19 - INFO - hi
2025-01-16 19:10:46,608 - 2025-01-16_19 - INFO - Starting the question extraction process...
2025-01-16 19:10:46,608 - 2025-01-16_19 - INFO - hi
2025-01-16 19:10:51,964 - 2025-01-16_19 - INFO - Starting the question extraction process...
2025-01-16 19:10:51,964 - 2025-01-16_19 - INFO - hi
2025-01-16 19:10:58,439 - 2025-01-16_19 - INFO - Starting the question extraction process...
2025-01-16 19:10:58,440 - 2025-01-16_19 - INFO - hi
2025-01-16 19:11:02,840 - 2025-01-16_19 - INFO - Starting the question extraction process...
2025-01-16 19:11:02,841 - 2025-01-16_19 - INFO - hi
2025-01-16 19:11:08,069 - 2025-01-16_19 - INFO - Starting the question extraction process...
2025-01-16 19:11:08,069 - 2025-01-16_19 - INFO - hi
2025-01-16 19:11:11,837 - 2025-01-16_19 - INFO - Starting the question extraction process...
2025-01-16 19:11:11,837 - 2025-01-16_19 - INFO - hi
2025-01-16 19:11:39,569 - 2025-01-16_19 - INFO - Starting the question extraction process...
2025-01-16 19:11:39,569 - 2025-01-16_19 - INFO - hi
2025-01-16 19:11:40,275 - 2025-01-16_19 - INFO - Starting the question extraction process...
2025-01-16 19:11:40,276 - 2025-01-16_19 - INFO - hi
2025-01-16 19:11:43,576 - 2025-01-16_19 - INFO - extract questions
2025-01-16 19:11:48,841 - 2025-01-16_19 - INFO - Fetched 9541 email threads from the database.
2025-01-16 19:12:32,198 - 2025-01-16_19 - INFO - Starting the question extraction process...
2025-01-16 19:12:32,198 - 2025-01-16_19 - INFO - hi
2025-01-16 19:12:32,934 - 2025-01-16_19 - INFO - Starting the question extraction process...
2025-01-16 19:12:32,935 - 2025-01-16_19 - INFO - hi
2025-01-16 19:12:36,548 - 2025-01-16_19 - INFO - extract questions
2025-01-16 19:12:42,186 - 2025-01-16_19 - INFO - Fetched 9541 email threads from the database.
2025-01-16 19:13:31,513 - 2025-01-16_19 - INFO - Starting the question extraction process...
2025-01-16 19:13:31,513 - 2025-01-16_19 - INFO - hi
2025-01-16 19:14:10,728 - 2025-01-16_19 - INFO - Starting the question extraction process...
2025-01-16 19:14:10,728 - 2025-01-16_19 - INFO - hi
2025-01-16 19:14:41,745 - 2025-01-16_19 - INFO - Starting the question extraction process...
2025-01-16 19:14:41,745 - 2025-01-16_19 - INFO - hi
2025-01-16 19:14:42,461 - 2025-01-16_19 - INFO - Starting the question extraction process...
2025-01-16 19:14:42,461 - 2025-01-16_19 - INFO - hi
2025-01-16 19:14:45,986 - 2025-01-16_19 - INFO - extract questions
2025-01-16 19:14:51,857 - 2025-01-16_19 - INFO - Fetched 9541 email threads from the database.
2025-01-16 19:14:51,970 - 2025-01-16_19 - ERROR - An error occurred while extracting questions: '>' not supported between instances of 'dict' and 'int'
2025-01-16 19:16:46,642 - 2025-01-16_19 - INFO - Starting the question extraction process...
2025-01-16 19:16:46,642 - 2025-01-16_19 - INFO - hi
2025-01-16 19:16:47,350 - 2025-01-16_19 - INFO - Starting the question extraction process...
2025-01-16 19:16:47,350 - 2025-01-16_19 - INFO - hi
2025-01-16 19:16:51,279 - 2025-01-16_19 - INFO - extract questions
2025-01-16 19:16:57,069 - 2025-01-16_19 - INFO - Fetched 9541 email threads from the database.
2025-01-16 19:18:38,132 - 2025-01-16_19 - INFO - Starting the question extraction process...
2025-01-16 19:18:38,133 - 2025-01-16_19 - INFO - hi
2025-01-16 19:18:40,799 - 2025-01-16_19 - INFO - Starting the question extraction process...
2025-01-16 19:18:40,800 - 2025-01-16_19 - INFO - hi
2025-01-16 19:18:44,705 - 2025-01-16_19 - INFO - Starting the question extraction process...
2025-01-16 19:18:44,705 - 2025-01-16_19 - INFO - hi
2025-01-16 19:18:45,399 - 2025-01-16_19 - INFO - Starting the question extraction process...
2025-01-16 19:18:45,399 - 2025-01-16_19 - INFO - hi
2025-01-16 19:18:48,506 - 2025-01-16_19 - INFO - extract questions
2025-01-16 19:18:53,769 - 2025-01-16_19 - INFO - Fetched 9541 email threads from the database.
2025-01-16 19:19:35,526 - 2025-01-16_19 - INFO - Starting the question extraction process...
2025-01-16 19:19:35,526 - 2025-01-16_19 - INFO - hi
2025-01-16 19:20:05,072 - 2025-01-16_19 - INFO - Starting the question extraction process...
2025-01-16 19:20:05,073 - 2025-01-16_19 - INFO - hi
2025-01-16 19:20:05,753 - 2025-01-16_19 - INFO - Starting the question extraction process...
2025-01-16 19:20:05,753 - 2025-01-16_19 - INFO - hi
2025-01-16 19:20:08,569 - 2025-01-16_19 - INFO - extract questions
2025-01-16 19:20:14,290 - 2025-01-16_19 - INFO - Fetched 9541 email threads from the database.
2025-01-16 19:20:32,028 - 2025-01-16_19 - INFO - Starting the question extraction process...
2025-01-16 19:20:32,028 - 2025-01-16_19 - INFO - hi
2025-01-16 19:20:34,300 - 2025-01-16_19 - INFO - Starting the question extraction process...
2025-01-16 19:20:34,300 - 2025-01-16_19 - INFO - hi
