2025-01-16 18:49:11,784 - 2025-01-16_18 - INFO - Starting the question extraction process...
2025-01-16 18:49:11,784 - 2025-01-16_18 - INFO - hi
2025-01-16 18:49:12,485 - 2025-01-16_18 - INFO - Starting the question extraction process...
2025-01-16 18:49:12,485 - 2025-01-16_18 - INFO - hi
2025-01-16 18:49:25,113 - 2025-01-16_18 - INFO - extract questions
2025-01-16 18:49:33,525 - 2025-01-16_18 - ERROR - An error occurred while extracting questions: StagingEmailThreads() takes no arguments
2025-01-16 18:50:06,575 - 2025-01-16_18 - INFO - Starting the question extraction process...
2025-01-16 18:50:06,575 - 2025-01-16_18 - INFO - hi
2025-01-16 18:50:14,854 - 2025-01-16_18 - INFO - Starting the question extraction process...
2025-01-16 18:50:14,866 - 2025-01-16_18 - INFO - hi
2025-01-16 18:50:17,881 - 2025-01-16_18 - INFO - Starting the question extraction process...
2025-01-16 18:50:17,881 - 2025-01-16_18 - INFO - hi
2025-01-16 18:50:20,192 - 2025-01-16_18 - INFO - Starting the question extraction process...
2025-01-16 18:50:20,192 - 2025-01-16_18 - INFO - hi
2025-01-16 18:50:20,833 - 2025-01-16_18 - INFO - Starting the question extraction process...
2025-01-16 18:50:20,833 - 2025-01-16_18 - INFO - hi
2025-01-16 18:50:40,825 - 2025-01-16_18 - INFO - Starting the question extraction process...
2025-01-16 18:50:40,839 - 2025-01-16_18 - INFO - hi
2025-01-16 18:50:43,257 - 2025-01-16_18 - INFO - Starting the question extraction process...
2025-01-16 18:50:43,257 - 2025-01-16_18 - INFO - hi
2025-01-16 18:50:44,005 - 2025-01-16_18 - INFO - Starting the question extraction process...
2025-01-16 18:50:44,007 - 2025-01-16_18 - INFO - hi
2025-01-16 18:50:49,647 - 2025-01-16_18 - INFO - extract questions
2025-01-16 18:50:55,979 - 2025-01-16_18 - INFO - Fetched 9541 email threads from the database.
2025-01-16 18:51:49,011 - 2025-01-16_18 - INFO - extract questions
2025-01-16 18:51:55,544 - 2025-01-16_18 - INFO - Fetched 9541 email threads from the database.
2025-01-16 18:53:08,047 - 2025-01-16_18 - INFO - Starting the question extraction process...
2025-01-16 18:53:08,047 - 2025-01-16_18 - INFO - hi
2025-01-16 18:53:33,953 - 2025-01-16_18 - INFO - Starting the question extraction process...
2025-01-16 18:53:33,969 - 2025-01-16_18 - INFO - hi
2025-01-16 18:53:34,666 - 2025-01-16_18 - INFO - Starting the question extraction process...
2025-01-16 18:53:34,667 - 2025-01-16_18 - INFO - hi
2025-01-16 18:54:03,754 - 2025-01-16_18 - INFO - Starting the question extraction process...
2025-01-16 18:54:03,754 - 2025-01-16_18 - INFO - hi
2025-01-16 18:54:13,921 - 2025-01-16_18 - INFO - Starting the question extraction process...
2025-01-16 18:54:13,921 - 2025-01-16_18 - INFO - hi
2025-01-16 18:54:14,558 - 2025-01-16_18 - INFO - Starting the question extraction process...
2025-01-16 18:54:14,558 - 2025-01-16_18 - INFO - hi
2025-01-16 18:54:17,839 - 2025-01-16_18 - INFO - extract questions
2025-01-16 18:54:49,899 - 2025-01-16_18 - INFO - extract questions
2025-01-16 18:54:57,994 - 2025-01-16_18 - INFO - Starting the question extraction process...
2025-01-16 18:54:57,994 - 2025-01-16_18 - INFO - hi
2025-01-16 18:55:01,752 - 2025-01-16_18 - INFO - extract questions
2025-01-16 18:55:07,615 - 2025-01-16_18 - INFO - Fetched 9541 email threads from the database.
2025-01-16 18:55:42,468 - 2025-01-16_18 - INFO - Starting the question extraction process...
2025-01-16 18:55:42,468 - 2025-01-16_18 - INFO - hi
2025-01-16 18:55:44,362 - 2025-01-16_18 - INFO - Starting the question extraction process...
2025-01-16 18:55:44,362 - 2025-01-16_18 - INFO - hi
2025-01-16 18:55:45,006 - 2025-01-16_18 - INFO - Starting the question extraction process...
2025-01-16 18:55:45,006 - 2025-01-16_18 - INFO - hi
2025-01-16 18:56:01,350 - 2025-01-16_18 - INFO - extract questions
2025-01-16 18:56:07,173 - 2025-01-16_18 - INFO - Fetched 9541 email threads from the database.
2025-01-16 18:57:16,498 - 2025-01-16_18 - INFO - Starting the question extraction process...
2025-01-16 18:57:16,515 - 2025-01-16_18 - INFO - hi
2025-01-16 18:57:38,102 - 2025-01-16_18 - INFO - Starting the question extraction process...
2025-01-16 18:57:38,102 - 2025-01-16_18 - INFO - hi
2025-01-16 18:57:51,432 - 2025-01-16_18 - INFO - Starting the question extraction process...
2025-01-16 18:57:51,433 - 2025-01-16_18 - INFO - hi
2025-01-16 18:57:58,355 - 2025-01-16_18 - INFO - Starting the question extraction process...
2025-01-16 18:57:58,355 - 2025-01-16_18 - INFO - hi
2025-01-16 18:58:16,909 - 2025-01-16_18 - INFO - Starting the question extraction process...
2025-01-16 18:58:16,910 - 2025-01-16_18 - INFO - hi
2025-01-16 18:58:45,016 - 2025-01-16_18 - INFO - Starting the question extraction process...
2025-01-16 18:58:45,016 - 2025-01-16_18 - INFO - hi
2025-01-16 18:58:46,398 - 2025-01-16_18 - INFO - Starting the question extraction process...
2025-01-16 18:58:46,399 - 2025-01-16_18 - INFO - hi
2025-01-16 18:58:49,467 - 2025-01-16_18 - INFO - Starting the question extraction process...
2025-01-16 18:58:49,468 - 2025-01-16_18 - INFO - hi
2025-01-16 18:59:05,166 - 2025-01-16_18 - INFO - Starting the question extraction process...
2025-01-16 18:59:05,168 - 2025-01-16_18 - INFO - hi
2025-01-16 18:59:38,781 - 2025-01-16_18 - INFO - Starting the question extraction process...
2025-01-16 18:59:38,782 - 2025-01-16_18 - INFO - hi
2025-01-16 18:59:47,568 - 2025-01-16_18 - INFO - Starting the question extraction process...
2025-01-16 18:59:47,568 - 2025-01-16_18 - INFO - hi
2025-01-16 18:59:49,495 - 2025-01-16_18 - INFO - Starting the question extraction process...
2025-01-16 18:59:49,498 - 2025-01-16_18 - INFO - hi
2025-01-16 18:59:55,834 - 2025-01-16_18 - INFO - Starting the question extraction process...
2025-01-16 18:59:55,834 - 2025-01-16_18 - INFO - hi
